<?xml version="1.0"?>
<!DOCTYPE coverage SYSTEM "http://cobertura.sourceforge.net/xml/coverage-04.dtd">
<coverage 
line-rate="1.00" lines-valid="22" lines-covered="22" branches-valid="0" branches-covered="0" branch-rate="1.00" complexity="0" version="1.0" timestamp="1486041326007">
    <sources>
        <source>--source</source>
        <source>/home/knoldus/Future-assignment/src/main/scala-2.12</source>
        <source>/home/knoldus/Future-assignment/src/main/scala</source>
        <source>/home/knoldus/Future-assignment/src/main/java</source>
    </sources>
    <packages>
        <package name="edu.knoldus" line-rate="1.00" branch-rate="1.00" complexity="0">
            <classes>
                <class name="edu.knoldus.FutureFiles" filename="FutureFiles.scala" line-rate="1.00" branch-rate="1.00" complexity="0">
                    <methods>
                        <method 
                        name="edu.knoldus/FutureFiles/getRecursiveListOfFiles" signature="()V" line-rate="1.00" branch-rate="1.00" complexity="0">
                            <lines>
                                <line number="14" hits="1" branch="false"/>
                                <line number="13" hits="1" branch="false"/>
                                <line number="14" hits="1" branch="false"/>
                                <line number="14" hits="1" branch="false"/>
                                <line number="13" hits="1" branch="false"/>
                                <line number="13" hits="1" branch="false"/>
                                <line number="14" hits="1" branch="false"/>
                                <line number="13" hits="1" branch="false"/>
                                <line number="14" hits="1" branch="false"/>
                                <line number="9" hits="1" branch="false"/>
                                <line number="14" hits="1" branch="false"/>
                                <line number="13" hits="1" branch="false"/>
                                <line number="14" hits="1" branch="false"/>
                                <line number="12" hits="1" branch="false"/>
                                <line number="14" hits="1" branch="false"/>
                                <line number="13" hits="1" branch="false"/>
                                <line number="14" hits="1" branch="false"/>
                                <line number="14" hits="1" branch="false"/>
                                <line number="13" hits="1" branch="false"/>
                                <line number="17" hits="1" branch="false"/>
                                <line number="13" hits="1" branch="false"/>
                                <line number="14" hits="1" branch="false"/>
                            </lines>
</method>
                    </methods>
                    <lines>
                        <line number="14" hits="1" branch="false"/>
                        <line number="13" hits="1" branch="false"/>
                        <line number="14" hits="1" branch="false"/>
                        <line number="14" hits="1" branch="false"/>
                        <line number="13" hits="1" branch="false"/>
                        <line number="13" hits="1" branch="false"/>
                        <line number="14" hits="1" branch="false"/>
                        <line number="13" hits="1" branch="false"/>
                        <line number="14" hits="1" branch="false"/>
                        <line number="9" hits="1" branch="false"/>
                        <line number="14" hits="1" branch="false"/>
                        <line number="13" hits="1" branch="false"/>
                        <line number="14" hits="1" branch="false"/>
                        <line number="12" hits="1" branch="false"/>
                        <line number="14" hits="1" branch="false"/>
                        <line number="13" hits="1" branch="false"/>
                        <line number="14" hits="1" branch="false"/>
                        <line number="14" hits="1" branch="false"/>
                        <line number="13" hits="1" branch="false"/>
                        <line number="17" hits="1" branch="false"/>
                        <line number="13" hits="1" branch="false"/>
                        <line number="14" hits="1" branch="false"/>
                    </lines>
                </class>
            </classes>
        </package>
    </packages>
</coverage>
